<?xml version="1.0" encoding="UTF-8"?>
<!-- Generated by org.testng.reporters.JUnitXMLReporter -->
<testsuite hostname="bynry01-ThinkCentre-M90" name="Test" tests="5" failures="0" timestamp="12 Dec 2018 11:14:52 GMT" time="79.83" errors="0">
  <testcase name="loginPageTitleTest" time="0.026" classname="com.qa.testcases.LoginpageTest"/>
  <testcase name="loginPageFormTitle" time="0.32" classname="com.qa.testcases.LoginpageTest"/>
  <testcase name="loginPageLogoTest" time="0.056" classname="com.qa.testcases.LoginpageTest"/>
  <testcase name="loginTest" time="0.691" classname="com.qa.testcases.LoginpageTest"/>
  <testcase name="DashboardPageTitleTest" time="0.013" classname="com.qa.testcases.DashboardTest"/>
</testsuite> <!-- Test -->
